[0.449s] DEBUG:colcon:Command line arguments: ['/usr/bin/colcon', 'build', '--packages-select', 'action_turtle_commands_dop']
[0.450s] DEBUG:colcon:Parsed command line arguments: Namespace(log_base=None, log_level=None, verb_name='build', build_base='build', install_base='install', merge_install=False, symlink_install=False, test_result_base=None, continue_on_error=False, executor='parallel', parallel_workers=12, event_handlers=None, ignore_user_meta=False, metas=['./colcon.meta'], base_paths=['.'], packages_ignore=None, packages_ignore_regex=None, paths=None, packages_up_to=None, packages_up_to_regex=None, packages_above=None, packages_above_and_dependencies=None, packages_above_depth=None, packages_select_by_dep=None, packages_skip_by_dep=None, packages_skip_up_to=None, packages_select_build_failed=False, packages_skip_build_finished=False, packages_select_test_failures=False, packages_skip_test_passed=False, packages_select=['action_turtle_commands_dop'], packages_skip=None, packages_select_regex=None, packages_skip_regex=None, packages_start=None, packages_end=None, allow_overriding=[], cmake_args=None, cmake_target=None, cmake_target_skip_unavailable=False, cmake_clean_cache=False, cmake_clean_first=False, cmake_force_configure=False, ament_cmake_args=None, catkin_cmake_args=None, catkin_skip_building_tests=False, mixin_files=None, mixin=None, verb_parser=<colcon_mixin.mixin.mixin_argument.MixinArgumentDecorator object at 0x7f0782a36350>, verb_extension=<colcon_core.verb.build.BuildVerb object at 0x7f0782a35de0>, main=<bound method BuildVerb.main of <colcon_core.verb.build.BuildVerb object at 0x7f0782a35de0>>, mixin_verb=('build',))
[0.798s] Level 1:colcon.colcon_core.package_discovery:discover_packages(colcon_meta) check parameters
[0.798s] Level 1:colcon.colcon_core.package_discovery:discover_packages(recursive) check parameters
[0.798s] Level 1:colcon.colcon_core.package_discovery:discover_packages(ignore) check parameters
[0.798s] Level 1:colcon.colcon_core.package_discovery:discover_packages(path) check parameters
[0.798s] Level 1:colcon.colcon_core.package_discovery:discover_packages(colcon_meta) discover
[0.798s] Level 1:colcon.colcon_core.package_discovery:discover_packages(recursive) discover
[0.798s] INFO:colcon.colcon_core.package_discovery:Crawling recursively for packages in '/home/shaman/ros2_ws/src/ROS_N3/ex02'
[0.799s] Level 1:colcon.colcon_core.package_identification:_identify(.) by extensions ['ignore', 'ignore_ament_install']
[0.799s] Level 1:colcon.colcon_core.package_identification:_identify(.) by extension 'ignore'
[0.799s] Level 1:colcon.colcon_core.package_identification:_identify(.) by extension 'ignore_ament_install'
[0.799s] Level 1:colcon.colcon_core.package_identification:_identify(.) by extensions ['colcon_pkg']
[0.799s] Level 1:colcon.colcon_core.package_identification:_identify(.) by extension 'colcon_pkg'
[0.799s] Level 1:colcon.colcon_core.package_identification:_identify(.) by extensions ['colcon_meta']
[0.799s] Level 1:colcon.colcon_core.package_identification:_identify(.) by extension 'colcon_meta'
[0.799s] Level 1:colcon.colcon_core.package_identification:_identify(.) by extensions ['ros']
[0.799s] Level 1:colcon.colcon_core.package_identification:_identify(.) by extension 'ros'
[0.807s] Level 1:colcon.colcon_core.package_identification:_identify(.) by extensions ['cmake', 'python']
[0.807s] Level 1:colcon.colcon_core.package_identification:_identify(.) by extension 'cmake'
[0.807s] Level 1:colcon.colcon_core.package_identification:_identify(.) by extension 'python'
[0.807s] Level 1:colcon.colcon_core.package_identification:_identify(.) by extensions ['python_setup_py']
[0.807s] Level 1:colcon.colcon_core.package_identification:_identify(.) by extension 'python_setup_py'
[0.807s] Level 1:colcon.colcon_core.package_identification:_identify(action_turtle_commands) by extensions ['ignore', 'ignore_ament_install']
[0.807s] Level 1:colcon.colcon_core.package_identification:_identify(action_turtle_commands) by extension 'ignore'
[0.807s] Level 1:colcon.colcon_core.package_identification:_identify(action_turtle_commands) by extension 'ignore_ament_install'
[0.807s] Level 1:colcon.colcon_core.package_identification:_identify(action_turtle_commands) by extensions ['colcon_pkg']
[0.808s] Level 1:colcon.colcon_core.package_identification:_identify(action_turtle_commands) by extension 'colcon_pkg'
[0.808s] Level 1:colcon.colcon_core.package_identification:_identify(action_turtle_commands) by extensions ['colcon_meta']
[0.808s] Level 1:colcon.colcon_core.package_identification:_identify(action_turtle_commands) by extension 'colcon_meta'
[0.808s] Level 1:colcon.colcon_core.package_identification:_identify(action_turtle_commands) by extensions ['ros']
[0.808s] Level 1:colcon.colcon_core.package_identification:_identify(action_turtle_commands) by extension 'ros'
[0.810s] DEBUG:colcon.colcon_core.package_identification:Package 'action_turtle_commands' with type 'ros.ament_cmake' and name 'action_turtle_commands'
[0.810s] Level 1:colcon.colcon_core.package_identification:_identify(build) by extensions ['ignore', 'ignore_ament_install']
[0.810s] Level 1:colcon.colcon_core.package_identification:_identify(build) by extension 'ignore'
[0.810s] Level 1:colcon.colcon_core.package_identification:_identify(build) ignored
[0.810s] Level 1:colcon.colcon_core.package_identification:_identify(install) by extensions ['ignore', 'ignore_ament_install']
[0.810s] Level 1:colcon.colcon_core.package_identification:_identify(install) by extension 'ignore'
[0.810s] Level 1:colcon.colcon_core.package_identification:_identify(install) ignored
[0.810s] Level 1:colcon.colcon_core.package_identification:_identify(log) by extensions ['ignore', 'ignore_ament_install']
[0.810s] Level 1:colcon.colcon_core.package_identification:_identify(log) by extension 'ignore'
[0.810s] Level 1:colcon.colcon_core.package_identification:_identify(log) ignored
[0.810s] Level 1:colcon.colcon_core.package_discovery:discover_packages(recursive) using defaults
[0.810s] Level 1:colcon.colcon_core.package_discovery:discover_packages(ignore) discover
[0.810s] Level 1:colcon.colcon_core.package_discovery:discover_packages(ignore) using defaults
[0.810s] Level 1:colcon.colcon_core.package_discovery:discover_packages(path) discover
[0.810s] Level 1:colcon.colcon_core.package_discovery:discover_packages(path) using defaults
[0.811s] WARNING:colcon.colcon_core.package_selection:ignoring unknown package 'action_turtle_commands_dop' in --packages-select
[0.830s] INFO:colcon.colcon_core.package_selection:Skipping not selected package 'action_turtle_commands' in 'action_turtle_commands'
[0.830s] Level 1:colcon.colcon_core.package_discovery:discover_packages(prefix_path) check parameters
[0.830s] Level 1:colcon.colcon_core.package_discovery:discover_packages(prefix_path) discover
[0.832s] DEBUG:colcon.colcon_installed_package_information.package_discovery:Found 3 installed packages in /home/shaman/ros2_ws/install
[0.833s] DEBUG:colcon.colcon_installed_package_information.package_discovery:Found 293 installed packages in /opt/ros/humble
[0.845s] Level 1:colcon.colcon_core.package_discovery:discover_packages(prefix_path) using defaults
[0.872s] INFO:colcon.colcon_core.executor:Executing jobs using 'parallel' executor
[0.873s] DEBUG:colcon.colcon_parallel_executor.executor.parallel:run_until_complete
[0.873s] DEBUG:colcon.colcon_parallel_executor.executor.parallel:closing loop
[0.873s] DEBUG:colcon.colcon_parallel_executor.executor.parallel:loop closed
[0.873s] DEBUG:colcon.colcon_parallel_executor.executor.parallel:run_until_complete finished with '0'
[0.874s] DEBUG:colcon.colcon_core.event_reactor:joining thread
[0.877s] INFO:colcon.colcon_core.plugin_system:Skipping extension 'colcon_notification.desktop_notification.terminal_notifier': Not used on non-Darwin systems
[0.877s] INFO:colcon.colcon_core.plugin_system:Skipping extension 'colcon_notification.desktop_notification.win32': Not used on non-Windows systems
[0.877s] INFO:colcon.colcon_notification.desktop_notification:Sending desktop notification using 'notify2'
[0.898s] DEBUG:colcon.colcon_core.event_reactor:joined thread
[0.901s] INFO:colcon.colcon_core.plugin_system:Skipping extension 'colcon_core.shell.bat': Not used on non-Windows systems
[0.901s] INFO:colcon.colcon_core.shell:Creating prefix script '/home/shaman/ros2_ws/src/ROS_N3/ex02/install/local_setup.ps1'
[0.902s] INFO:colcon.colcon_core.shell:Creating prefix util module '/home/shaman/ros2_ws/src/ROS_N3/ex02/install/_local_setup_util_ps1.py'
[0.903s] INFO:colcon.colcon_core.shell:Creating prefix chain script '/home/shaman/ros2_ws/src/ROS_N3/ex02/install/setup.ps1'
[0.904s] INFO:colcon.colcon_core.shell:Creating prefix script '/home/shaman/ros2_ws/src/ROS_N3/ex02/install/local_setup.sh'
[0.904s] INFO:colcon.colcon_core.shell:Creating prefix util module '/home/shaman/ros2_ws/src/ROS_N3/ex02/install/_local_setup_util_sh.py'
[0.905s] INFO:colcon.colcon_core.shell:Creating prefix chain script '/home/shaman/ros2_ws/src/ROS_N3/ex02/install/setup.sh'
[0.906s] INFO:colcon.colcon_core.shell:Creating prefix script '/home/shaman/ros2_ws/src/ROS_N3/ex02/install/local_setup.bash'
[0.906s] INFO:colcon.colcon_core.shell:Creating prefix chain script '/home/shaman/ros2_ws/src/ROS_N3/ex02/install/setup.bash'
[0.907s] INFO:colcon.colcon_core.shell:Creating prefix script '/home/shaman/ros2_ws/src/ROS_N3/ex02/install/local_setup.zsh'
[0.907s] INFO:colcon.colcon_core.shell:Creating prefix chain script '/home/shaman/ros2_ws/src/ROS_N3/ex02/install/setup.zsh'
